This file contains any messages produced by compilers while
running configure, to aid debugging if configure makes a mistake.

It was created by configure, which was
generated by GNU Autoconf 2.63.  Invocation command line was

  $ ./configure -host=arm-linux -disable-nls --disable-xmlto PKG_CONFIG_LIBDIR=/usr/local/arm_linux_4.8/usr/lib -disable-alsamixer host_alias=arm-linux --no-create --no-recursion

## --------- ##
## Platform. ##
## --------- ##

hostname = localhost.localdomain
uname -m = i686
uname -r = 2.6.32-358.18.1.el6.i686
uname -s = Linux
uname -v = #1 SMP Wed Aug 28 14:27:42 UTC 2013

/usr/bin/uname -p = unknown
/bin/uname -X     = unknown

/bin/arch              = i686
/usr/bin/arch -k       = unknown
/usr/convex/getsysinfo = unknown
/usr/bin/hostinfo      = unknown
/bin/machine           = unknown
/usr/bin/oslevel       = unknown
/bin/universe          = unknown

PATH: /usr/lib/qt-3.3/bin
PATH: /usr/local/arm_linux_4.8/bin
PATH: /usr/local/sbin
PATH: /usr/local/bin
PATH: /sbin
PATH: /bin
PATH: /usr/sbin
PATH: /usr/bin
PATH: /root/bin


## ----------- ##
## Core tests. ##
## ----------- ##

configure:1947: checking for a BSD-compatible install
configure:2015: result: /usr/bin/install -c
configure:2026: checking whether build environment is sane
configure:2069: result: yes
configure:2131: checking for gawk
configure:2147: found /bin/gawk
configure:2158: result: gawk
configure:2169: checking whether make sets $(MAKE)
configure:2191: result: yes
configure:2267: checking for arm-linux-strip
configure:2283: found /usr/local/arm_linux_4.8/bin/arm-linux-strip
configure:2294: result: arm-linux-strip
configure:2373: checking whether NLS is requested
configure:2382: result: no
configure:2420: checking for msgfmt
configure: trying /usr/bin/msgfmt...
0 translated messages.
configure:2452: result: /usr/bin/msgfmt
configure:2461: checking for gmsgfmt
configure:2492: result: /usr/bin/msgfmt
configure:2543: checking for xgettext
configure: trying /usr/bin/xgettext...
/usr/bin/xgettext: warning: file `/dev/null' extension `' is unknown; will try C
configure:2575: result: /usr/bin/xgettext
configure:2621: checking for msgmerge
configure: trying /usr/bin/msgmerge...
configure:2652: result: /usr/bin/msgmerge
configure:2694: checking for style of include used by make
configure:2722: result: GNU
configure:2755: checking for arm-linux-gcc
configure:2771: found /usr/local/arm_linux_4.8/bin/arm-linux-gcc
configure:2782: result: arm-linux-gcc
configure:3054: checking for C compiler version
configure:3062: arm-linux-gcc --version >&5
arm-linux-gcc (GCC) 4.8.4
Copyright (C) 2013 Free Software Foundation, Inc.
This is free software; see the source for copying conditions.  There is NO
warranty; not even for MERCHANTABILITY or FITNESS FOR A PARTICULAR PURPOSE.

configure:3066: $? = 0
configure:3073: arm-linux-gcc -v >&5
Using built-in specs.
COLLECT_GCC=arm-linux-gcc
COLLECT_LTO_WRAPPER=/usr/local/arm_linux_4.8/libexec/gcc/arm-nuvoton-linux-uclibceabi/4.8.4/lto-wrapper
Target: arm-nuvoton-linux-uclibceabi
Configured with: ../configure --prefix=/usr/local/arm_linux_4.8 --target=arm-nuvoton-linux-uclibceabi --enable-static --disable-__cxa_atexit --with-gnu-ld --disable-libssp --disable-multilib --enable-target-optspace --disable-libsanitizer --enable-tls --disable-libmudflap --enable-threads --without-isl --without-cloog --with-float=soft --disable-decimal-float --with-abi=aapcs-linux --with-cpu=arm926ej-s --with-float=soft --with-mode=arm --enable-languages=c,c++ --enable-poison-system-directories --enable-shared --disable-libgomp --with-sysroot=/usr/local/arm_linux_4.8 --with-build-time-tools=/usr/local/arm_linux_4.8/arm-nuvoton-linux-uclibceabi/bin --enable-shared
Thread model: posix
gcc version 4.8.4 (GCC) 
configure:3077: $? = 0
configure:3084: arm-linux-gcc -V >&5
arm-linux-gcc: error: unrecognized command line option '-V'
arm-linux-gcc: fatal error: no input files
compilation terminated.
configure:3088: $? = 1
configure:3111: checking for C compiler default output file name
configure:3133: arm-linux-gcc    conftest.c  >&5
configure:3137: $? = 0
configure:3175: result: a.out
configure:3194: checking whether the C compiler works
configure:3204: ./a.out
./configure: line 3206: ./a.out: cannot execute binary file
configure:3208: $? = 126
configure:3227: result: yes
configure:3234: checking whether we are cross compiling
configure:3236: result: yes
configure:3239: checking for suffix of executables
configure:3246: arm-linux-gcc -o conftest    conftest.c  >&5
configure:3250: $? = 0
configure:3276: result: 
configure:3282: checking for suffix of object files
configure:3308: arm-linux-gcc -c   conftest.c >&5
configure:3312: $? = 0
configure:3337: result: o
configure:3341: checking whether we are using the GNU C compiler
configure:3370: arm-linux-gcc -c   conftest.c >&5
configure:3377: $? = 0
configure:3394: result: yes
configure:3403: checking whether arm-linux-gcc accepts -g
configure:3433: arm-linux-gcc -c -g  conftest.c >&5
configure:3440: $? = 0
configure:3541: result: yes
configure:3558: checking for arm-linux-gcc option to accept ISO C89
configure:3632: arm-linux-gcc  -c -g -O2  conftest.c >&5
configure:3639: $? = 0
configure:3662: result: none needed
configure:3682: checking dependency style of arm-linux-gcc
configure:3772: result: gcc3
configure:3795: checking build system type
configure:3813: result: i686-pc-linux-gnu
configure:3835: checking host system type
configure:3850: result: arm-unknown-linux-gnu
configure:3896: checking for ld used by GCC
configure:3960: result: /usr/local/arm_linux_4.8/arm-nuvoton-linux-uclibceabi/bin/ld
configure:3969: checking if the linker (/usr/local/arm_linux_4.8/arm-nuvoton-linux-uclibceabi/bin/ld) is GNU ld
configure:3982: result: yes
configure:3989: checking for shared library run path origin
configure:4002: result: done
configure:4439: checking for CFPreferencesCopyAppValue
configure:4467: arm-linux-gcc -o conftest -g -O2   conftest.c  -Wl,-framework -Wl,CoreFoundation >&5
conftest.c:10:42: fatal error: CoreFoundation/CFPreferences.h: No such file or directory
 #include <CoreFoundation/CFPreferences.h>
                                          ^
compilation terminated.
configure:4474: $? = 1
configure: failed program was:
| /* confdefs.h.  */
| #define PACKAGE_NAME ""
| #define PACKAGE_TARNAME ""
| #define PACKAGE_VERSION ""
| #define PACKAGE_STRING ""
| #define PACKAGE_BUGREPORT ""
| #define PACKAGE "alsa-utils"
| #define VERSION "1.0.23"
| /* end confdefs.h.  */
| #include <CoreFoundation/CFPreferences.h>
| int
| main ()
| {
| CFPreferencesCopyAppValue(NULL, NULL)
|   ;
|   return 0;
| }
configure:4495: result: no
configure:4504: checking for CFLocaleCopyCurrent
configure:4532: arm-linux-gcc -o conftest -g -O2   conftest.c  -Wl,-framework -Wl,CoreFoundation >&5
conftest.c:10:37: fatal error: CoreFoundation/CFLocale.h: No such file or directory
 #include <CoreFoundation/CFLocale.h>
                                     ^
compilation terminated.
configure:4539: $? = 1
configure: failed program was:
| /* confdefs.h.  */
| #define PACKAGE_NAME ""
| #define PACKAGE_TARNAME ""
| #define PACKAGE_VERSION ""
| #define PACKAGE_STRING ""
| #define PACKAGE_BUGREPORT ""
| #define PACKAGE "alsa-utils"
| #define VERSION "1.0.23"
| /* end confdefs.h.  */
| #include <CoreFoundation/CFLocale.h>
| int
| main ()
| {
| CFLocaleCopyCurrent();
|   ;
|   return 0;
| }
configure:4560: result: no
configure:5362: checking whether to use NLS
configure:5364: result: no
configure:5465: checking for arm-linux-gcc
configure:5492: result: arm-linux-gcc
configure:5764: checking for C compiler version
configure:5772: arm-linux-gcc --version >&5
arm-linux-gcc (GCC) 4.8.4
Copyright (C) 2013 Free Software Foundation, Inc.
This is free software; see the source for copying conditions.  There is NO
warranty; not even for MERCHANTABILITY or FITNESS FOR A PARTICULAR PURPOSE.

configure:5776: $? = 0
configure:5783: arm-linux-gcc -v >&5
Using built-in specs.
COLLECT_GCC=arm-linux-gcc
COLLECT_LTO_WRAPPER=/usr/local/arm_linux_4.8/libexec/gcc/arm-nuvoton-linux-uclibceabi/4.8.4/lto-wrapper
Target: arm-nuvoton-linux-uclibceabi
Configured with: ../configure --prefix=/usr/local/arm_linux_4.8 --target=arm-nuvoton-linux-uclibceabi --enable-static --disable-__cxa_atexit --with-gnu-ld --disable-libssp --disable-multilib --enable-target-optspace --disable-libsanitizer --enable-tls --disable-libmudflap --enable-threads --without-isl --without-cloog --with-float=soft --disable-decimal-float --with-abi=aapcs-linux --with-cpu=arm926ej-s --with-float=soft --with-mode=arm --enable-languages=c,c++ --enable-poison-system-directories --enable-shared --disable-libgomp --with-sysroot=/usr/local/arm_linux_4.8 --with-build-time-tools=/usr/local/arm_linux_4.8/arm-nuvoton-linux-uclibceabi/bin --enable-shared
Thread model: posix
gcc version 4.8.4 (GCC) 
configure:5787: $? = 0
configure:5794: arm-linux-gcc -V >&5
arm-linux-gcc: error: unrecognized command line option '-V'
arm-linux-gcc: fatal error: no input files
compilation terminated.
configure:5798: $? = 1
configure:5801: checking whether we are using the GNU C compiler
configure:5854: result: yes
configure:5863: checking whether arm-linux-gcc accepts -g
configure:6001: result: yes
configure:6018: checking for arm-linux-gcc option to accept ISO C89
configure:6122: result: none needed
configure:6142: checking dependency style of arm-linux-gcc
configure:6232: result: gcc3
configure:6263: checking for a BSD-compatible install
configure:6331: result: /usr/bin/install -c
configure:6342: checking whether ln -s works
configure:6346: result: yes
configure:6384: checking for ALSA CFLAGS
configure:6390: result: 
configure:6393: checking for ALSA LDFLAGS
configure:6402: result:  -lasound -lm -ldl -lpthread
configure:6406: checking for libasound headers version >= 1.0.16
configure:6478: arm-linux-gcc -c -g -O2  conftest.c >&5
configure:6485: $? = 0
configure:6490: result: found.
configure:6515: checking for snd_ctl_open in -lasound
configure:6550: arm-linux-gcc -o conftest -g -O2   conftest.c -lasound   -lasound -lm -ldl -lpthread  >&5
configure:6557: $? = 0
configure:6578: result: yes
configure:6620: checking for alsa/pcm.h
configure:6641: arm-linux-gcc -c -g -O2  conftest.c >&5
configure:6648: $? = 0
configure:6665: result: yes
configure:6684: checking for alsa/mixer.h
configure:6705: arm-linux-gcc -c -g -O2  conftest.c >&5
configure:6712: $? = 0
configure:6729: result: yes
configure:6748: checking for alsa/rawmidi.h
configure:6769: arm-linux-gcc -c -g -O2  conftest.c >&5
configure:6776: $? = 0
configure:6793: result: yes
configure:6812: checking for alsa/seq.h
configure:6833: arm-linux-gcc -c -g -O2  conftest.c >&5
configure:6840: $? = 0
configure:6857: result: yes
configure:6915: checking for librt
configure:6926: checking for clock_gettime in -lrt
configure:6961: arm-linux-gcc -o conftest -g -O2   conftest.c -lrt  -lasound -lm -ldl -lpthread >&5
configure:6968: $? = 0
configure:6989: result: yes
configure:7132: checking how to run the C preprocessor
configure:7172: arm-linux-gcc -E  conftest.c
configure:7179: $? = 0
configure:7210: arm-linux-gcc -E  conftest.c
conftest.c:17:28: fatal error: ac_nonexistent.h: No such file or directory
 #include <ac_nonexistent.h>
                            ^
compilation terminated.
configure:7217: $? = 1
configure: failed program was:
| /* confdefs.h.  */
| #define PACKAGE_NAME ""
| #define PACKAGE_TARNAME ""
| #define PACKAGE_VERSION ""
| #define PACKAGE_STRING ""
| #define PACKAGE_BUGREPORT ""
| #define PACKAGE "alsa-utils"
| #define VERSION "1.0.23"
| #define HAVE_LIBASOUND 1
| #define HAVE_ALSA_PCM_H 1
| #define HAVE_ALSA_MIXER_H 1
| #define HAVE_ALSA_RAWMIDI_H 1
| #define HAVE_ALSA_SEQ_H 1
| #define HAVE_LIBRT 1
| #define HAVE_CLOCK_GETTIME 1
| /* end confdefs.h.  */
| #include <ac_nonexistent.h>
configure:7250: result: arm-linux-gcc -E
configure:7279: arm-linux-gcc -E  conftest.c
configure:7286: $? = 0
configure:7317: arm-linux-gcc -E  conftest.c
conftest.c:17:28: fatal error: ac_nonexistent.h: No such file or directory
 #include <ac_nonexistent.h>
                            ^
compilation terminated.
configure:7324: $? = 1
configure: failed program was:
| /* confdefs.h.  */
| #define PACKAGE_NAME ""
| #define PACKAGE_TARNAME ""
| #define PACKAGE_VERSION ""
| #define PACKAGE_STRING ""
| #define PACKAGE_BUGREPORT ""
| #define PACKAGE "alsa-utils"
| #define VERSION "1.0.23"
| #define HAVE_LIBASOUND 1
| #define HAVE_ALSA_PCM_H 1
| #define HAVE_ALSA_MIXER_H 1
| #define HAVE_ALSA_RAWMIDI_H 1
| #define HAVE_ALSA_SEQ_H 1
| #define HAVE_LIBRT 1
| #define HAVE_CLOCK_GETTIME 1
| /* end confdefs.h.  */
| #include <ac_nonexistent.h>
configure:7364: checking for grep that handles long lines and -e
configure:7424: result: /bin/grep
configure:7429: checking for egrep
configure:7493: result: /bin/grep -E
configure:7498: checking for ANSI C header files
configure:7528: arm-linux-gcc -c -g -O2  conftest.c >&5
configure:7535: $? = 0
configure:7666: result: yes
configure:8667: checking for an ANSI C-conforming const
configure:8742: arm-linux-gcc -c -g -O2  conftest.c >&5
configure:8749: $? = 0
configure:8764: result: yes
configure:8774: checking for inline
configure:8800: arm-linux-gcc -c -g -O2  conftest.c >&5
configure:8807: $? = 0
configure:8825: result: inline
configure:8844: checking whether time.h and sys/time.h may both be included
configure:8874: arm-linux-gcc -c -g -O2  conftest.c >&5
configure:8881: $? = 0
configure:8896: result: yes
configure:8908: checking whether arm-linux-gcc needs -traditional
In file included from conftest.c:21:0:
/usr/local/arm_linux_4.8/usr/include/sgtty.h:22:2: warning: #warning useless header on uClibc [-Wcpp]
 #warning useless header on uClibc
  ^
configure:8950: result: no
configure:8965: checking for special C compiler options needed for large files
configure:9060: result: no
configure:9066: checking for _FILE_OFFSET_BITS value needed for large files
configure:9101: arm-linux-gcc -c -g -O2  conftest.c >&5
conftest.c:27:3: warning: left shift count >= width of type [enabled by default]
   int off_t_is_large[(LARGE_OFF_T % 2147483629 == 721
   ^
conftest.c:27:3: warning: left shift count >= width of type [enabled by default]
conftest.c:28:10: warning: left shift count >= width of type [enabled by default]
          && LARGE_OFF_T % 2147483647 == 1)
          ^
conftest.c:28:10: warning: left shift count >= width of type [enabled by default]
conftest.c:27:7: error: variably modified 'off_t_is_large' at file scope
   int off_t_is_large[(LARGE_OFF_T % 2147483629 == 721
       ^
configure:9108: $? = 1
configure: failed program was:
| /* confdefs.h.  */
| #define PACKAGE_NAME ""
| #define PACKAGE_TARNAME ""
| #define PACKAGE_VERSION ""
| #define PACKAGE_STRING ""
| #define PACKAGE_BUGREPORT ""
| #define PACKAGE "alsa-utils"
| #define VERSION "1.0.23"
| #define HAVE_LIBASOUND 1
| #define HAVE_ALSA_PCM_H 1
| #define HAVE_ALSA_MIXER_H 1
| #define HAVE_ALSA_RAWMIDI_H 1
| #define HAVE_ALSA_SEQ_H 1
| #define HAVE_LIBRT 1
| #define HAVE_CLOCK_GETTIME 1
| #define STDC_HEADERS 1
| #define SOUNDSDIR "/usr/share/sounds/alsa"
| #define DATADIR "/usr/share/alsa"
| #define TIME_WITH_SYS_TIME 1
| /* end confdefs.h.  */
| #include <sys/types.h>
|  /* Check that off_t can represent 2**63 - 1 correctly.
|     We can't simply define LARGE_OFF_T to be 9223372036854775807,
|     since some C++ compilers masquerading as C compilers
|     incorrectly reject 9223372036854775807.  */
| #define LARGE_OFF_T (((off_t) 1 << 62) - 1 + ((off_t) 1 << 62))
|   int off_t_is_large[(LARGE_OFF_T % 2147483629 == 721
| 		       && LARGE_OFF_T % 2147483647 == 1)
| 		      ? 1 : -1];
| int
| main ()
| {
| 
|   ;
|   return 0;
| }
configure:9152: arm-linux-gcc -c -g -O2  conftest.c >&5
configure:9159: $? = 0
configure:9177: result: 64
configure:9508: creating ./config.status

## ---------------- ##
## Cache variables. ##
## ---------------- ##

ac_cv_build=i686-pc-linux-gnu
ac_cv_c_compiler_gnu=yes
ac_cv_c_const=yes
ac_cv_c_inline=inline
ac_cv_env_CC_set=
ac_cv_env_CC_value=
ac_cv_env_CFLAGS_set=
ac_cv_env_CFLAGS_value=
ac_cv_env_CPPFLAGS_set=
ac_cv_env_CPPFLAGS_value=
ac_cv_env_CPP_set=
ac_cv_env_CPP_value=
ac_cv_env_LDFLAGS_set=
ac_cv_env_LDFLAGS_value=
ac_cv_env_LIBS_set=
ac_cv_env_LIBS_value=
ac_cv_env_build_alias_set=
ac_cv_env_build_alias_value=
ac_cv_env_host_alias_set=set
ac_cv_env_host_alias_value=arm-linux
ac_cv_env_target_alias_set=
ac_cv_env_target_alias_value=
ac_cv_header_alsa_mixer_h=yes
ac_cv_header_alsa_pcm_h=yes
ac_cv_header_alsa_rawmidi_h=yes
ac_cv_header_alsa_seq_h=yes
ac_cv_header_stdc=yes
ac_cv_header_time=yes
ac_cv_host=arm-unknown-linux-gnu
ac_cv_lib_asound_snd_ctl_open=yes
ac_cv_lib_rt_clock_gettime=yes
ac_cv_objext=o
ac_cv_path_EGREP='/bin/grep -E'
ac_cv_path_GMSGFMT=/usr/bin/msgfmt
ac_cv_path_GREP=/bin/grep
ac_cv_path_MSGFMT=/usr/bin/msgfmt
ac_cv_path_MSGMERGE=/usr/bin/msgmerge
ac_cv_path_XGETTEXT=/usr/bin/xgettext
ac_cv_path_install='/usr/bin/install -c'
ac_cv_prog_AWK=gawk
ac_cv_prog_CC=arm-linux-gcc
ac_cv_prog_CPP='arm-linux-gcc -E'
ac_cv_prog_STRIP=arm-linux-strip
ac_cv_prog_cc_c89=
ac_cv_prog_cc_g=yes
ac_cv_prog_gcc_traditional=no
ac_cv_prog_make_make_set=yes
ac_cv_sys_file_offset_bits=64
ac_cv_sys_largefile_CC=no
acl_cv_hardcode_direct=no
acl_cv_hardcode_libdir_flag_spec='${wl}-rpath ${wl}$libdir'
acl_cv_hardcode_libdir_separator=
acl_cv_hardcode_minus_L=no
acl_cv_libext=a
acl_cv_path_LD=/usr/local/arm_linux_4.8/arm-nuvoton-linux-uclibceabi/bin/ld
acl_cv_prog_gnu_ld=yes
acl_cv_rpath=done
acl_cv_shlibext=so
acl_cv_wl=-Wl,
am_cv_CC_dependencies_compiler_type=gcc3
gt_cv_func_CFLocaleCopyCurrent=no
gt_cv_func_CFPreferencesCopyAppValue=no

## ----------------- ##
## Output variables. ##
## ----------------- ##

ACLOCAL='${SHELL} /home/wcl/nuc980bsp/20190808/NUC980_Linux_Applications/alsa-utils-1.0.23/missing --run aclocal-1.9'
ALSACONF_FALSE='#'
ALSACONF_TRUE=''
ALSAMIXER_FALSE=''
ALSAMIXER_TRUE='#'
ALSA_CFLAGS=''
ALSA_LIBS=' -lasound -lm -ldl -lpthread'
AMDEPBACKSLASH='\'
AMDEP_FALSE='#'
AMDEP_TRUE=''
AMTAR='${SHELL} /home/wcl/nuc980bsp/20190808/NUC980_Linux_Applications/alsa-utils-1.0.23/missing --run tar'
AUTOCONF='${SHELL} /home/wcl/nuc980bsp/20190808/NUC980_Linux_Applications/alsa-utils-1.0.23/missing --run autoconf'
AUTOHEADER='${SHELL} /home/wcl/nuc980bsp/20190808/NUC980_Linux_Applications/alsa-utils-1.0.23/missing --run autoheader'
AUTOMAKE='${SHELL} /home/wcl/nuc980bsp/20190808/NUC980_Linux_Applications/alsa-utils-1.0.23/missing --run automake-1.9'
AWK='gawk'
CC='arm-linux-gcc'
CCDEPMODE='depmode=gcc3'
CFLAGS='-g -O2'
CPP='arm-linux-gcc -E'
CPPFLAGS=''
CURSESINC=''
CURSESLIB=''
CURSES_CFLAGS=''
CYGPATH_W='echo'
DEFS='-DHAVE_CONFIG_H'
DEPDIR='.deps'
ECHO_C=''
ECHO_N='-n'
ECHO_T=''
EGREP='/bin/grep -E'
EXEEXT=''
GMSGFMT='/usr/bin/msgfmt'
GMSGFMT_015='/usr/bin/msgfmt'
GREP='/bin/grep'
HAVE_MIXER_FALSE='#'
HAVE_MIXER_TRUE=''
HAVE_PCM_FALSE='#'
HAVE_PCM_TRUE=''
HAVE_RAWMIDI_FALSE='#'
HAVE_RAWMIDI_TRUE=''
HAVE_SEQ_FALSE='#'
HAVE_SEQ_TRUE=''
INSTALL_DATA='${INSTALL} -m 644'
INSTALL_PROGRAM='${INSTALL}'
INSTALL_SCRIPT='${INSTALL}'
INSTALL_STRIP_PROGRAM='${SHELL} $(install_sh) -c -s'
INTLLIBS=''
INTL_MACOSX_LIBS=''
LDFLAGS=''
LIBICONV='-liconv'
LIBINTL=''
LIBOBJS=''
LIBRT='-lrt'
LIBS='-lasound -lm -ldl -lpthread'
LN_S='ln -s'
LTLIBICONV='-liconv'
LTLIBINTL=''
LTLIBOBJS=''
MAKEINFO='${SHELL} /home/wcl/nuc980bsp/20190808/NUC980_Linux_Applications/alsa-utils-1.0.23/missing --run makeinfo'
MSGFMT='/usr/bin/msgfmt'
MSGFMT_015='/usr/bin/msgfmt'
MSGMERGE='/usr/bin/msgmerge'
OBJEXT='o'
PACKAGE='alsa-utils'
PACKAGE_BUGREPORT=''
PACKAGE_NAME=''
PACKAGE_STRING=''
PACKAGE_TARNAME=''
PACKAGE_VERSION=''
PATH_SEPARATOR=':'
POSUB=''
SET_MAKE=''
SHELL='/bin/sh'
SND_UTIL_MAJOR='1'
SND_UTIL_MINOR='0'
SND_UTIL_SUBMINOR='23'
SND_UTIL_VERSION='1.0.23'
STRIP='arm-linux-strip'
TESTSOUND='/usr/share/test.wav'
USE_NLS='no'
USE_XMLTO_FALSE=''
USE_XMLTO_TRUE='#'
VERSION='1.0.23'
XGETTEXT='/usr/bin/xgettext'
XGETTEXT_015='/usr/bin/xgettext'
ac_ct_CC=''
am__fastdepCC_FALSE='#'
am__fastdepCC_TRUE=''
am__include='include'
am__leading_dot='.'
am__quote=''
am__tar='${AMTAR} chof - "$$tardir"'
am__untar='${AMTAR} xf -'
bindir='${exec_prefix}/bin'
build='i686-pc-linux-gnu'
build_alias=''
build_cpu='i686'
build_os='linux-gnu'
build_vendor='pc'
datadir='${datarootdir}'
datarootdir='${prefix}/share'
docdir='${datarootdir}/doc/${PACKAGE}'
dvidir='${docdir}'
exec_prefix='${prefix}'
host='arm-unknown-linux-gnu'
host_alias='arm-linux'
host_cpu='arm'
host_os='linux-gnu'
host_vendor='unknown'
htmldir='${docdir}'
includedir='${prefix}/include'
infodir='${datarootdir}/info'
install_sh='/home/wcl/nuc980bsp/20190808/NUC980_Linux_Applications/alsa-utils-1.0.23/install-sh'
libdir='${exec_prefix}/lib'
libexecdir='${exec_prefix}/libexec'
localedir='${datarootdir}/locale'
localstatedir='${prefix}/var'
mandir='${datarootdir}/man'
mkdir_p='mkdir -p --'
ncurses5_config=''
ncursesw5_config=''
oldincludedir='/usr/include'
pdfdir='${docdir}'
prefix='/usr'
program_transform_name='s,x,x,'
psdir='${docdir}'
sbindir='${exec_prefix}/sbin'
sharedstatedir='${prefix}/com'
sysconfdir='${prefix}/etc'
target_alias=''
xmlto='no'

## ----------- ##
## confdefs.h. ##
## ----------- ##

#define PACKAGE_NAME ""
#define PACKAGE_TARNAME ""
#define PACKAGE_VERSION ""
#define PACKAGE_STRING ""
#define PACKAGE_BUGREPORT ""
#define PACKAGE "alsa-utils"
#define VERSION "1.0.23"
#define HAVE_LIBASOUND 1
#define HAVE_ALSA_PCM_H 1
#define HAVE_ALSA_MIXER_H 1
#define HAVE_ALSA_RAWMIDI_H 1
#define HAVE_ALSA_SEQ_H 1
#define HAVE_LIBRT 1
#define HAVE_CLOCK_GETTIME 1
#define STDC_HEADERS 1
#define SOUNDSDIR "/usr/share/sounds/alsa"
#define DATADIR "/usr/share/alsa"
#define TIME_WITH_SYS_TIME 1
#define _FILE_OFFSET_BITS 64
#define VERSION "1.0.23"

configure: exit 0

## ---------------------- ##
## Running config.status. ##
## ---------------------- ##

This file was extended by config.status, which was
generated by GNU Autoconf 2.63.  Invocation command line was

  CONFIG_FILES    = 
  CONFIG_HEADERS  = 
  CONFIG_LINKS    = 
  CONFIG_COMMANDS = 
  $ ./config.status 

on localhost.localdomain

config.status:851: creating Makefile
config.status:851: creating alsactl/Makefile
config.status:851: creating alsactl/init/Makefile
config.status:851: creating alsamixer/Makefile
config.status:851: creating amidi/Makefile
config.status:851: creating amixer/Makefile
config.status:851: creating m4/Makefile
config.status:851: creating po/Makefile.in
config.status:851: creating alsaconf/alsaconf
config.status:851: creating alsaconf/Makefile
config.status:851: creating alsaconf/po/Makefile
config.status:998: WARNING:  'alsaconf/po/Makefile.in' seems to ignore the --datarootdir setting
config.status:851: creating aplay/Makefile
config.status:851: creating include/Makefile
config.status:851: creating iecset/Makefile
config.status:851: creating utils/Makefile
config.status:851: creating utils/alsa-utils.spec
config.status:851: creating seq/Makefile
config.status:851: creating seq/aconnect/Makefile
config.status:851: creating seq/aplaymidi/Makefile
config.status:851: creating seq/aseqdump/Makefile
config.status:851: creating seq/aseqnet/Makefile
config.status:851: creating speaker-test/Makefile
config.status:851: creating speaker-test/samples/Makefile
config.status:851: creating include/aconfig.h
config.status:1067: include/aconfig.h is unchanged
config.status:1118: executing po-directories commands
config.status:1118: executing depfiles commands

## ---------------------- ##
## Running config.status. ##
## ---------------------- ##

This file was extended by config.status, which was
generated by GNU Autoconf 2.63.  Invocation command line was

  CONFIG_FILES    = 
  CONFIG_HEADERS  = 
  CONFIG_LINKS    = 
  CONFIG_COMMANDS = 
  $ ./config.status include/aconfig.h

on localhost.localdomain

config.status:851: creating include/aconfig.h
config.status:1067: include/aconfig.h is unchanged
